{
  "stats": {
    "suites": 1,
    "tests": 1,
    "passes": 1,
    "pending": 0,
    "failures": 0,
    "start": "2025-04-02T09:54:16.661Z",
    "end": "2025-04-02T09:54:49.709Z",
    "duration": 33048,
    "testsRegistered": 1,
    "passPercent": 100,
    "pendingPercent": 0,
    "other": 0,
    "hasOther": false,
    "skipped": 0,
    "hasSkipped": false
  },
  "results": [
    {
      "uuid": "f765bdae-8c9c-428b-96c0-6503f349112e",
      "title": "",
      "fullFile": "cypress\\e2e\\jobapplication1_login_search_apply.cy.js",
      "file": "cypress\\e2e\\jobapplication1_login_search_apply.cy.js",
      "beforeHooks": [],
      "afterHooks": [],
      "tests": [],
      "suites": [
        {
          "uuid": "cd140230-641f-4a4b-b97e-bf019aa25636",
          "title": "Job Application Flow 1: Login, Search, Apply",
          "fullFile": "",
          "file": "",
          "beforeHooks": [],
          "afterHooks": [],
          "tests": [
            {
              "title": "login and search testing job",
              "fullTitle": "Job Application Flow 1: Login, Search, Apply login and search testing job",
              "timedOut": null,
              "duration": 30644,
              "state": "passed",
              "speed": "slow",
              "pass": true,
              "fail": false,
              "pending": false,
              "context": null,
              "code": "cy.get('[alt=\"user-profile-image\"]', {\n  timeout: 10000\n}).should(\"be.visible\");\ncy.search('testing');\ncy.applyJob();",
              "err": {},
              "uuid": "b2caba9e-2b5e-41b1-8b4f-707ae52862aa",
              "parentUUID": "cd140230-641f-4a4b-b97e-bf019aa25636",
              "isHook": false,
              "skipped": false
            }
          ],
          "suites": [],
          "passes": [
            "b2caba9e-2b5e-41b1-8b4f-707ae52862aa"
          ],
          "failures": [],
          "pending": [],
          "skipped": [],
          "duration": 30644,
          "root": false,
          "rootEmpty": false,
          "_timeout": 2000
        }
      ],
      "passes": [],
      "failures": [],
      "pending": [],
      "skipped": [],
      "duration": 0,
      "root": true,
      "rootEmpty": true,
      "_timeout": 2000
    }
  ],
  "meta": {
    "mocha": {
      "version": "7.0.1"
    },
    "mochawesome": {
      "options": {
        "quiet": false,
        "reportFilename": "mochawesome",
        "saveHtml": false,
        "saveJson": true,
        "consoleReporter": "spec",
        "useInlineDiffs": false,
        "code": true
      },
      "version": "7.1.3"
    },
    "marge": {
      "options": {
        "reportDir": "cypress/reports",
        "overwrite": false,
        "html": false,
        "json": true
      },
      "version": "6.2.0"
    }
  }
}