{
  "stats": {
    "suites": 1,
    "tests": 1,
    "passes": 1,
    "pending": 0,
    "failures": 0,
    "start": "2025-03-27T10:00:11.806Z",
    "end": "2025-03-27T10:00:24.904Z",
    "duration": 13098,
    "testsRegistered": 1,
    "passPercent": 100,
    "pendingPercent": 0,
    "other": 0,
    "hasOther": false,
    "skipped": 0,
    "hasSkipped": false
  },
  "results": [
    {
      "uuid": "2794e8d8-6f9b-4cf5-81f6-9afbd2b86611",
      "title": "",
      "fullFile": "cypress\\e2e\\resumeUploadHomeTest.cy.js",
      "file": "cypress\\e2e\\resumeUploadHomeTest.cy.js",
      "beforeHooks": [],
      "afterHooks": [],
      "tests": [],
      "suites": [
        {
          "uuid": "97cac502-748b-4dd6-94a1-234d02c98374",
          "title": "Upload Resume at Homepage",
          "fullFile": "",
          "file": "",
          "beforeHooks": [],
          "afterHooks": [],
          "tests": [
            {
              "title": "should upload resume at homepage",
              "fullTitle": "Upload Resume at Homepage should upload resume at homepage",
              "timedOut": null,
              "duration": 10798,
              "state": "passed",
              "speed": "slow",
              "pass": true,
              "fail": false,
              "pending": false,
              "context": null,
              "code": "cy.uploadResumeHP(\"jylltest\", \"uploadresume1@gmail.com\", \"password\");",
              "err": {},
              "uuid": "3960a851-4dc8-4e14-a9ab-2a7791222c34",
              "parentUUID": "97cac502-748b-4dd6-94a1-234d02c98374",
              "isHook": false,
              "skipped": false
            }
          ],
          "suites": [],
          "passes": [
            "3960a851-4dc8-4e14-a9ab-2a7791222c34"
          ],
          "failures": [],
          "pending": [],
          "skipped": [],
          "duration": 10798,
          "root": false,
          "rootEmpty": false,
          "_timeout": 2000
        }
      ],
      "passes": [],
      "failures": [],
      "pending": [],
      "skipped": [],
      "duration": 0,
      "root": true,
      "rootEmpty": true,
      "_timeout": 2000
    }
  ],
  "meta": {
    "mocha": {
      "version": "7.0.1"
    },
    "mochawesome": {
      "options": {
        "quiet": false,
        "reportFilename": "mochawesome",
        "saveHtml": false,
        "saveJson": true,
        "consoleReporter": "spec",
        "useInlineDiffs": false,
        "code": true
      },
      "version": "7.1.3"
    },
    "marge": {
      "options": {
        "reportDir": "cypress/reports",
        "overwrite": false,
        "html": false,
        "json": true
      },
      "version": "6.2.0"
    }
  }
}