{
  "stats": {
    "suites": 1,
    "tests": 1,
    "passes": 1,
    "pending": 0,
    "failures": 0,
    "start": "2025-04-02T09:26:33.565Z",
    "end": "2025-04-02T09:27:20.795Z",
    "duration": 47230,
    "testsRegistered": 1,
    "passPercent": 100,
    "pendingPercent": 0,
    "other": 0,
    "hasOther": false,
    "skipped": 0,
    "hasSkipped": false
  },
  "results": [
    {
      "uuid": "2564cd58-14eb-4f9c-b623-9ec8f8dfe3b4",
      "title": "",
      "fullFile": "cypress\\e2e\\login_search_filter_apply.cy.js",
      "file": "cypress\\e2e\\login_search_filter_apply.cy.js",
      "beforeHooks": [],
      "afterHooks": [],
      "tests": [],
      "suites": [
        {
          "uuid": "93717e23-664c-46a3-b6a4-8fd49cf2bf4d",
          "title": "Job Application Test",
          "fullFile": "",
          "file": "",
          "beforeHooks": [],
          "afterHooks": [],
          "tests": [
            {
              "title": "should log in successfully with valid credentials",
              "fullTitle": "Job Application Test should log in successfully with valid credentials",
              "timedOut": null,
              "duration": 44013,
              "state": "passed",
              "speed": "slow",
              "pass": true,
              "fail": false,
              "pending": false,
              "context": null,
              "code": "cy.login('testj18@gmail.com', 'password');\ncy.get('input[placeholder=\"Search by job titles, companies or skills\"]', {\n  timeout: 10000\n}).should('be.visible').click().type('marketing{enter}');\ncy.wait(3000);\ncy.url().as('searchResultsUrl'); //save state of search results \ncy.get('@searchResultsUrl').then(theUrl => {\n  cy.visit(theUrl); // now we have the actual string URL\n});\ncy.contains('button', 'Filter').click();\ncy.contains('button', 'State').click();\ncy.contains('button', 'Kuala Lumpur').click();\ncy.contains('button', 'Apply').click({\n  force: true\n});\ncy.wait(3000);\ncy.url().as('filterResultsUrl');\ncy.get('@filterResultsUrl').then(theUrl => {\n  cy.visit(theUrl);\n});\ncy.get('.css-oiffn2').first().then($jobCard => {\n  var _$jobCard$attr;\n  const jobUrl = $jobCard.prop('href') || ((_$jobCard$attr = $jobCard.attr('onclick')) === null || _$jobCard$attr === void 0 || (_$jobCard$attr = _$jobCard$attr.match(/window\\.open\\('(.*?)'/)) === null || _$jobCard$attr === void 0 ? void 0 : _$jobCard$attr[1]);\n  if (jobUrl) {\n    cy.log('Extracted Job URL:', jobUrl);\n    cy.visit(jobUrl);\n  } else {\n    cy.log('No valid job URL found, clicking instead');\n    cy.wrap($jobCard).click();\n  }\n});\ncy.get('button[aria-label=\"apply-job-button\"]').should('be.visible').click();",
              "err": {},
              "uuid": "4f7b44ae-171f-49b4-961d-98f4e94b002c",
              "parentUUID": "93717e23-664c-46a3-b6a4-8fd49cf2bf4d",
              "isHook": false,
              "skipped": false
            }
          ],
          "suites": [],
          "passes": [
            "4f7b44ae-171f-49b4-961d-98f4e94b002c"
          ],
          "failures": [],
          "pending": [],
          "skipped": [],
          "duration": 44013,
          "root": false,
          "rootEmpty": false,
          "_timeout": 2000
        }
      ],
      "passes": [],
      "failures": [],
      "pending": [],
      "skipped": [],
      "duration": 0,
      "root": true,
      "rootEmpty": true,
      "_timeout": 2000
    }
  ],
  "meta": {
    "mocha": {
      "version": "7.0.1"
    },
    "mochawesome": {
      "options": {
        "quiet": false,
        "reportFilename": "mochawesome",
        "saveHtml": false,
        "saveJson": true,
        "consoleReporter": "spec",
        "useInlineDiffs": false,
        "code": true
      },
      "version": "7.1.3"
    },
    "marge": {
      "options": {
        "reportDir": "cypress/reports",
        "overwrite": false,
        "html": false,
        "json": true
      },
      "version": "6.2.0"
    }
  }
}