{
  "stats": {
    "suites": 1,
    "tests": 4,
    "passes": 1,
    "pending": 0,
    "failures": 3,
    "start": "2025-03-26T09:35:43.567Z",
    "end": "2025-03-26T09:36:20.839Z",
    "duration": 37272,
    "testsRegistered": 4,
    "passPercent": 25,
    "pendingPercent": 0,
    "other": 0,
    "hasOther": false,
    "skipped": 0,
    "hasSkipped": false
  },
  "results": [
    {
      "uuid": "137a419d-dda9-4aa5-a2ac-d00b31ab9c9e",
      "title": "",
      "fullFile": "cypress\\e2e\\login_search_filter_apply.cy.js",
      "file": "cypress\\e2e\\login_search_filter_apply.cy.js",
      "beforeHooks": [],
      "afterHooks": [],
      "tests": [],
      "suites": [
        {
          "uuid": "9e0f5054-9f2f-42c2-b219-7674691d7d57",
          "title": "Job Application Test",
          "fullFile": "",
          "file": "",
          "beforeHooks": [],
          "afterHooks": [],
          "tests": [
            {
              "title": "should log in successfully with valid credentials",
              "fullTitle": "Job Application Test should log in successfully with valid credentials",
              "timedOut": null,
              "duration": 15827,
              "state": "passed",
              "speed": "slow",
              "pass": true,
              "fail": false,
              "pending": false,
              "context": null,
              "code": "cy.get('[alt=\"user-profile-image\"]').should('be.visible');",
              "err": {},
              "uuid": "d271500e-cd8c-4aaa-ac54-0d52f31b6f1a",
              "parentUUID": "9e0f5054-9f2f-42c2-b219-7674691d7d57",
              "isHook": false,
              "skipped": false
            },
            {
              "title": "search for \"marketing\" jobs and verifies results",
              "fullTitle": "Job Application Test search for \"marketing\" jobs and verifies results",
              "timedOut": null,
              "duration": 10433,
              "state": "failed",
              "speed": null,
              "pass": false,
              "fail": true,
              "pending": false,
              "context": null,
              "code": "cy.get('button.css-1bhvgib', {\n  timeout: 5000\n}).should('be.visible').click();\ncy.get('input[placeholder=\"Search by job titles, companies or skills\"]', {\n  timeout: 10000\n}).should('be.visible').click().type('marketing{enter}');\ncy.wait(3000);\ncy.url().as('searchResultsUrl'); //save state of search results",
              "err": {
                "message": "AssertionError: Timed out retrying after 5000ms: Expected to find element: `button.css-1bhvgib`, but never found it.",
                "estack": "AssertionError: Timed out retrying after 5000ms: Expected to find element: `button.css-1bhvgib`, but never found it.\n    at Context.eval (webpack://staging-tests-hiredly/./cypress/e2e/login_search_filter_apply.cy.js:29:7)",
                "diff": null
              },
              "uuid": "fe74aa0f-b508-4005-abd2-66a7a5507447",
              "parentUUID": "9e0f5054-9f2f-42c2-b219-7674691d7d57",
              "isHook": false,
              "skipped": false
            },
            {
              "title": "filter for jobs in KL",
              "fullTitle": "Job Application Test filter for jobs in KL",
              "timedOut": null,
              "duration": 4507,
              "state": "failed",
              "speed": null,
              "pass": false,
              "fail": true,
              "pending": false,
              "context": null,
              "code": "cy.visit(this.searchResultsUrl);\ncy.contains('button', 'Filter').click();\ncy.contains('button', 'State').click();\ncy.contains('button', 'Kuala Lumpur').click();\ncy.contains('button', 'Apply').click({\n  force: true\n});\ncy.wait(3000);\ncy.url().as('filterResultsUrl');",
              "err": {
                "message": "CypressError: `cy.visit()` must be called with a `url` or an `options` object containing a `url` as its 1st argument\n\nhttps://on.cypress.io/visit",
                "estack": "CypressError: `cy.visit()` must be called with a `url` or an `options` object containing a `url` as its 1st argument\n\nhttps://on.cypress.io/visit\n    at Context.visit (https://staging-my.hiredly.com/__cypress/runner/cypress_runner.js:129930:70)\n    at wrapped (https://staging-my.hiredly.com/__cypress/runner/cypress_runner.js:137575:43)\nFrom Your Spec Code:\n    at Context.eval (webpack://staging-tests-hiredly/./cypress/e2e/login_search_filter_apply.cy.js:42:7)",
                "diff": null
              },
              "uuid": "739c968d-e1f9-42a9-9a01-c0a1d2a16dfe",
              "parentUUID": "9e0f5054-9f2f-42c2-b219-7674691d7d57",
              "isHook": false,
              "skipped": false
            },
            {
              "title": "apply for job - first job listed",
              "fullTitle": "Job Application Test apply for job - first job listed",
              "timedOut": null,
              "duration": 3863,
              "state": "failed",
              "speed": null,
              "pass": false,
              "fail": true,
              "pending": false,
              "context": null,
              "code": "cy.visit(this.filterResultsUrl);\ncy.get('.css-oiffn2').first().then($jobCard => {\n  var _$jobCard$attr;\n  const jobUrl = $jobCard.prop('href') || ((_$jobCard$attr = $jobCard.attr('onclick')) === null || _$jobCard$attr === void 0 || (_$jobCard$attr = _$jobCard$attr.match(/window\\.open\\('(.*?)'/)) === null || _$jobCard$attr === void 0 ? void 0 : _$jobCard$attr[1]);\n  if (jobUrl) {\n    cy.log('Extracted Job URL:', jobUrl);\n    cy.visit(jobUrl);\n  } else {\n    cy.log('No valid job URL found, clicking instead');\n    cy.wrap($jobCard).click();\n  }\n});\ncy.get('button[aria-label=\"apply-job-button\"]').should('be.visible').click();",
              "err": {
                "message": "CypressError: `cy.visit()` must be called with a `url` or an `options` object containing a `url` as its 1st argument\n\nhttps://on.cypress.io/visit",
                "estack": "CypressError: `cy.visit()` must be called with a `url` or an `options` object containing a `url` as its 1st argument\n\nhttps://on.cypress.io/visit\n    at Context.visit (https://staging-my.hiredly.com/__cypress/runner/cypress_runner.js:129930:70)\n    at wrapped (https://staging-my.hiredly.com/__cypress/runner/cypress_runner.js:137575:43)\nFrom Your Spec Code:\n    at Context.eval (webpack://staging-tests-hiredly/./cypress/e2e/login_search_filter_apply.cy.js:53:7)",
                "diff": null
              },
              "uuid": "9eeb15d9-3e89-4f32-bea4-2f067178c565",
              "parentUUID": "9e0f5054-9f2f-42c2-b219-7674691d7d57",
              "isHook": false,
              "skipped": false
            }
          ],
          "suites": [],
          "passes": [
            "d271500e-cd8c-4aaa-ac54-0d52f31b6f1a"
          ],
          "failures": [
            "fe74aa0f-b508-4005-abd2-66a7a5507447",
            "739c968d-e1f9-42a9-9a01-c0a1d2a16dfe",
            "9eeb15d9-3e89-4f32-bea4-2f067178c565"
          ],
          "pending": [],
          "skipped": [],
          "duration": 34630,
          "root": false,
          "rootEmpty": false,
          "_timeout": 2000
        }
      ],
      "passes": [],
      "failures": [],
      "pending": [],
      "skipped": [],
      "duration": 0,
      "root": true,
      "rootEmpty": true,
      "_timeout": 2000
    }
  ],
  "meta": {
    "mocha": {
      "version": "7.0.1"
    },
    "mochawesome": {
      "options": {
        "quiet": false,
        "reportFilename": "mochawesome",
        "saveHtml": false,
        "saveJson": true,
        "consoleReporter": "spec",
        "useInlineDiffs": false,
        "code": true
      },
      "version": "7.1.3"
    },
    "marge": {
      "options": {
        "reportDir": "cypress/reports",
        "overwrite": false,
        "html": false,
        "json": true
      },
      "version": "6.2.0"
    }
  }
}