{
  "stats": {
    "suites": 1,
    "tests": 1,
    "passes": 0,
    "pending": 0,
    "failures": 1,
    "start": "2025-03-27T08:28:02.948Z",
    "end": "2025-03-27T08:28:20.392Z",
    "duration": 17444,
    "testsRegistered": 1,
    "passPercent": 0,
    "pendingPercent": 0,
    "other": 0,
    "hasOther": false,
    "skipped": 0,
    "hasSkipped": false
  },
  "results": [
    {
      "uuid": "7847363c-e9b0-4ac6-86b5-a73bf2f94906",
      "title": "",
      "fullFile": "cypress\\e2e\\login_search_apply_commandtest.cy.js",
      "file": "cypress\\e2e\\login_search_apply_commandtest.cy.js",
      "beforeHooks": [],
      "afterHooks": [],
      "tests": [],
      "suites": [
        {
          "uuid": "406cfba2-d143-4770-82cd-d38f265d7206",
          "title": "test run using commands",
          "fullFile": "",
          "file": "",
          "beforeHooks": [],
          "afterHooks": [],
          "tests": [
            {
              "title": "login and search testing job",
              "fullTitle": "test run using commands login and search testing job",
              "timedOut": null,
              "duration": 15597,
              "state": "failed",
              "speed": null,
              "pass": false,
              "fail": true,
              "pending": false,
              "context": null,
              "code": "cy.get('[alt=\"user-profile-image\"]', {\n  timeout: 10000\n}).should(\"be.visible\");\ncy.search('content creator');",
              "err": {
                "message": "AssertionError: Timed out retrying after 5000ms: Expected to find element: `button.css-1bhvgib`, but never found it.",
                "estack": "AssertionError: Timed out retrying after 5000ms: Expected to find element: `button.css-1bhvgib`, but never found it.\n    at Context.eval (webpack://staging-tests-hiredly/./cypress/support/commands.js:15:5)",
                "diff": null
              },
              "uuid": "ca479590-c013-4eb2-b887-9876424a4450",
              "parentUUID": "406cfba2-d143-4770-82cd-d38f265d7206",
              "isHook": false,
              "skipped": false
            }
          ],
          "suites": [],
          "passes": [],
          "failures": [
            "ca479590-c013-4eb2-b887-9876424a4450"
          ],
          "pending": [],
          "skipped": [],
          "duration": 15597,
          "root": false,
          "rootEmpty": false,
          "_timeout": 2000
        }
      ],
      "passes": [],
      "failures": [],
      "pending": [],
      "skipped": [],
      "duration": 0,
      "root": true,
      "rootEmpty": true,
      "_timeout": 2000
    }
  ],
  "meta": {
    "mocha": {
      "version": "7.0.1"
    },
    "mochawesome": {
      "options": {
        "quiet": false,
        "reportFilename": "mochawesome",
        "saveHtml": false,
        "saveJson": true,
        "consoleReporter": "spec",
        "useInlineDiffs": false,
        "code": true
      },
      "version": "7.1.3"
    },
    "marge": {
      "options": {
        "reportDir": "cypress/reports",
        "overwrite": false,
        "html": false,
        "json": true
      },
      "version": "6.2.0"
    }
  }
}