{
  "stats": {
    "suites": 1,
    "tests": 1,
    "passes": 1,
    "pending": 0,
    "failures": 0,
    "start": "2025-03-27T09:58:46.491Z",
    "end": "2025-03-27T09:58:56.535Z",
    "duration": 10044,
    "testsRegistered": 1,
    "passPercent": 100,
    "pendingPercent": 0,
    "other": 0,
    "hasOther": false,
    "skipped": 0,
    "hasSkipped": false
  },
  "results": [
    {
      "uuid": "27880d71-aeaa-4fa2-82b2-87d199078572",
      "title": "",
      "fullFile": "cypress\\e2e\\login.cy.js",
      "file": "cypress\\e2e\\login.cy.js",
      "beforeHooks": [],
      "afterHooks": [],
      "tests": [],
      "suites": [
        {
          "uuid": "aaa7d45a-fb57-406c-88d8-84d89452e761",
          "title": "User Login Test",
          "fullFile": "",
          "file": "",
          "beforeHooks": [],
          "afterHooks": [],
          "tests": [
            {
              "title": "should log in successfully with valid credentials",
              "fullTitle": "User Login Test should log in successfully with valid credentials",
              "timedOut": null,
              "duration": 6707,
              "state": "passed",
              "speed": "medium",
              "pass": true,
              "fail": false,
              "pending": false,
              "context": null,
              "code": "cy.contains('Log In').click();\ncy.get('#filled-required-Email').type('testj18@gmail.com'); //fill in email for test here\ncy.get('#filled-required-Password').type('password', {\n  log: false\n}); //fill in password for test here \ncy.get('.MuiButton-containedPrimary').contains('Log In').click();",
              "err": {},
              "uuid": "77755279-ad06-4676-a3e3-e0e6c5c0ef01",
              "parentUUID": "aaa7d45a-fb57-406c-88d8-84d89452e761",
              "isHook": false,
              "skipped": false
            }
          ],
          "suites": [],
          "passes": [
            "77755279-ad06-4676-a3e3-e0e6c5c0ef01"
          ],
          "failures": [],
          "pending": [],
          "skipped": [],
          "duration": 6707,
          "root": false,
          "rootEmpty": false,
          "_timeout": 2000
        }
      ],
      "passes": [],
      "failures": [],
      "pending": [],
      "skipped": [],
      "duration": 0,
      "root": true,
      "rootEmpty": true,
      "_timeout": 2000
    }
  ],
  "meta": {
    "mocha": {
      "version": "7.0.1"
    },
    "mochawesome": {
      "options": {
        "quiet": false,
        "reportFilename": "mochawesome",
        "saveHtml": false,
        "saveJson": true,
        "consoleReporter": "spec",
        "useInlineDiffs": false,
        "code": true
      },
      "version": "7.1.3"
    },
    "marge": {
      "options": {
        "reportDir": "cypress/reports",
        "overwrite": false,
        "html": false,
        "json": true
      },
      "version": "6.2.0"
    }
  }
}