{
  "stats": {
    "suites": 1,
    "tests": 1,
    "passes": 1,
    "pending": 0,
    "failures": 0,
    "start": "2025-03-26T09:41:20.114Z",
    "end": "2025-03-26T09:41:33.461Z",
    "duration": 13347,
    "testsRegistered": 1,
    "passPercent": 100,
    "pendingPercent": 0,
    "other": 0,
    "hasOther": false,
    "skipped": 0,
    "hasSkipped": false
  },
  "results": [
    {
      "uuid": "06c6047d-bd20-47ab-851b-7e6fd6b383cf",
      "title": "",
      "fullFile": "cypress\\e2e\\resumeUploadHomeTest.cy.js",
      "file": "cypress\\e2e\\resumeUploadHomeTest.cy.js",
      "beforeHooks": [],
      "afterHooks": [],
      "tests": [],
      "suites": [
        {
          "uuid": "63d30bf8-6291-45c0-ad62-b6d2a0d9bf25",
          "title": "Upload Resume at Homepage",
          "fullFile": "",
          "file": "",
          "beforeHooks": [],
          "afterHooks": [],
          "tests": [
            {
              "title": "should upload resume at homepage",
              "fullTitle": "Upload Resume at Homepage should upload resume at homepage",
              "timedOut": null,
              "duration": 10981,
              "state": "passed",
              "speed": "slow",
              "pass": true,
              "fail": false,
              "pending": false,
              "context": null,
              "code": "cy.uploadResumeHP(\"jylltest\", \"uploadresume1@gmail.com\", \"password\");",
              "err": {},
              "uuid": "ae7c6e90-b04c-47e7-a221-5f097ccbd347",
              "parentUUID": "63d30bf8-6291-45c0-ad62-b6d2a0d9bf25",
              "isHook": false,
              "skipped": false
            }
          ],
          "suites": [],
          "passes": [
            "ae7c6e90-b04c-47e7-a221-5f097ccbd347"
          ],
          "failures": [],
          "pending": [],
          "skipped": [],
          "duration": 10981,
          "root": false,
          "rootEmpty": false,
          "_timeout": 2000
        }
      ],
      "passes": [],
      "failures": [],
      "pending": [],
      "skipped": [],
      "duration": 0,
      "root": true,
      "rootEmpty": true,
      "_timeout": 2000
    }
  ],
  "meta": {
    "mocha": {
      "version": "7.0.1"
    },
    "mochawesome": {
      "options": {
        "quiet": false,
        "reportFilename": "mochawesome",
        "saveHtml": false,
        "saveJson": true,
        "consoleReporter": "spec",
        "useInlineDiffs": false,
        "code": true
      },
      "version": "7.1.3"
    },
    "marge": {
      "options": {
        "reportDir": "cypress/reports",
        "overwrite": false,
        "html": false,
        "json": true
      },
      "version": "6.2.0"
    }
  }
}