{
  "stats": {
    "suites": 1,
    "tests": 1,
    "passes": 1,
    "pending": 0,
    "failures": 0,
    "start": "2025-04-02T09:27:28.668Z",
    "end": "2025-04-02T09:27:41.993Z",
    "duration": 13325,
    "testsRegistered": 1,
    "passPercent": 100,
    "pendingPercent": 0,
    "other": 0,
    "hasOther": false,
    "skipped": 0,
    "hasSkipped": false
  },
  "results": [
    {
      "uuid": "4abaeed4-07a2-4625-8863-82355b44fd2d",
      "title": "",
      "fullFile": "cypress\\e2e\\resumeUploadHomeTest.cy.js",
      "file": "cypress\\e2e\\resumeUploadHomeTest.cy.js",
      "beforeHooks": [],
      "afterHooks": [],
      "tests": [],
      "suites": [
        {
          "uuid": "e5ff1a5b-362c-4798-9ed0-c26f3845b6b3",
          "title": "Upload Resume at Homepage",
          "fullFile": "",
          "file": "",
          "beforeHooks": [],
          "afterHooks": [],
          "tests": [
            {
              "title": "should upload resume at homepage",
              "fullTitle": "Upload Resume at Homepage should upload resume at homepage",
              "timedOut": null,
              "duration": 10813,
              "state": "passed",
              "speed": "slow",
              "pass": true,
              "fail": false,
              "pending": false,
              "context": null,
              "code": "cy.uploadResumeHP(\"jylltest\", \"uploadresume1@gmail.com\", \"password\");",
              "err": {},
              "uuid": "5fca5de6-23a1-453f-89c2-c62c2142cef9",
              "parentUUID": "e5ff1a5b-362c-4798-9ed0-c26f3845b6b3",
              "isHook": false,
              "skipped": false
            }
          ],
          "suites": [],
          "passes": [
            "5fca5de6-23a1-453f-89c2-c62c2142cef9"
          ],
          "failures": [],
          "pending": [],
          "skipped": [],
          "duration": 10813,
          "root": false,
          "rootEmpty": false,
          "_timeout": 2000
        }
      ],
      "passes": [],
      "failures": [],
      "pending": [],
      "skipped": [],
      "duration": 0,
      "root": true,
      "rootEmpty": true,
      "_timeout": 2000
    }
  ],
  "meta": {
    "mocha": {
      "version": "7.0.1"
    },
    "mochawesome": {
      "options": {
        "quiet": false,
        "reportFilename": "mochawesome",
        "saveHtml": false,
        "saveJson": true,
        "consoleReporter": "spec",
        "useInlineDiffs": false,
        "code": true
      },
      "version": "7.1.3"
    },
    "marge": {
      "options": {
        "reportDir": "cypress/reports",
        "overwrite": false,
        "html": false,
        "json": true
      },
      "version": "6.2.0"
    }
  }
}