{
  "stats": {
    "suites": 1,
    "tests": 1,
    "passes": 0,
    "pending": 0,
    "failures": 1,
    "start": "2025-03-26T09:35:04.130Z",
    "end": "2025-03-26T09:35:13.489Z",
    "duration": 9359,
    "testsRegistered": 1,
    "passPercent": 0,
    "pendingPercent": 0,
    "other": 0,
    "hasOther": false,
    "skipped": 0,
    "hasSkipped": false
  },
  "results": [
    {
      "uuid": "6f700ebc-f791-4f6a-97ab-6cb4146a19f5",
      "title": "",
      "fullFile": "cypress\\e2e\\logincommandtest.cy.js",
      "file": "cypress\\e2e\\logincommandtest.cy.js",
      "beforeHooks": [],
      "afterHooks": [],
      "tests": [],
      "suites": [
        {
          "uuid": "372477d7-e505-4905-b604-2685c9d3d76a",
          "title": "test run",
          "fullFile": "",
          "file": "",
          "beforeHooks": [],
          "afterHooks": [],
          "tests": [
            {
              "title": "login and search testing job",
              "fullTitle": "test run login and search testing job",
              "timedOut": null,
              "duration": 7043,
              "state": "failed",
              "speed": null,
              "pass": false,
              "fail": true,
              "pending": false,
              "context": null,
              "code": "cy.get('[alt=\"user-profile-image\"]', {\n  timeout: 10000\n}).should(\"be.visible\");\ncy.searchAndApply('content creator');\ncy.viewAllJobs();\ncy.contains(\"Search\").click();\ncy.viewSimilarJobs();",
              "err": {
                "message": "TypeError: cy.searchAndApply is not a function",
                "estack": "TypeError: cy.searchAndApply is not a function\n    at Context.eval (webpack://staging-tests-hiredly/./cypress/e2e/logincommandtest.cy.js:8:7)",
                "diff": null
              },
              "uuid": "6020674c-e730-408c-8737-10c2c5053798",
              "parentUUID": "372477d7-e505-4905-b604-2685c9d3d76a",
              "isHook": false,
              "skipped": false
            }
          ],
          "suites": [],
          "passes": [],
          "failures": [
            "6020674c-e730-408c-8737-10c2c5053798"
          ],
          "pending": [],
          "skipped": [],
          "duration": 7043,
          "root": false,
          "rootEmpty": false,
          "_timeout": 2000
        }
      ],
      "passes": [],
      "failures": [],
      "pending": [],
      "skipped": [],
      "duration": 0,
      "root": true,
      "rootEmpty": true,
      "_timeout": 2000
    }
  ],
  "meta": {
    "mocha": {
      "version": "7.0.1"
    },
    "mochawesome": {
      "options": {
        "quiet": false,
        "reportFilename": "mochawesome",
        "saveHtml": false,
        "saveJson": true,
        "consoleReporter": "spec",
        "useInlineDiffs": false,
        "code": true
      },
      "version": "7.1.3"
    },
    "marge": {
      "options": {
        "reportDir": "cypress/reports",
        "overwrite": false,
        "html": false,
        "json": true
      },
      "version": "6.2.0"
    }
  }
}