{
  "stats": {
    "suites": 1,
    "tests": 4,
    "passes": 1,
    "pending": 0,
    "failures": 3,
    "start": "2025-03-27T09:59:27.807Z",
    "end": "2025-03-27T10:00:04.665Z",
    "duration": 36858,
    "testsRegistered": 4,
    "passPercent": 25,
    "pendingPercent": 0,
    "other": 0,
    "hasOther": false,
    "skipped": 0,
    "hasSkipped": false
  },
  "results": [
    {
      "uuid": "c6fc7021-1c67-47c6-8387-939489b93884",
      "title": "",
      "fullFile": "cypress\\e2e\\login_search_filter_apply.cy.js",
      "file": "cypress\\e2e\\login_search_filter_apply.cy.js",
      "beforeHooks": [],
      "afterHooks": [],
      "tests": [],
      "suites": [
        {
          "uuid": "dc55a628-957b-42f6-a25b-48de618f062b",
          "title": "Job Application Test",
          "fullFile": "",
          "file": "",
          "beforeHooks": [],
          "afterHooks": [],
          "tests": [
            {
              "title": "should log in successfully with valid credentials",
              "fullTitle": "Job Application Test should log in successfully with valid credentials",
              "timedOut": null,
              "duration": 16084,
              "state": "passed",
              "speed": "slow",
              "pass": true,
              "fail": false,
              "pending": false,
              "context": null,
              "code": "cy.get('[alt=\"user-profile-image\"]').should('be.visible');",
              "err": {},
              "uuid": "94532402-2075-49a0-b968-5ca7f78b1d53",
              "parentUUID": "dc55a628-957b-42f6-a25b-48de618f062b",
              "isHook": false,
              "skipped": false
            },
            {
              "title": "search for \"marketing\" jobs and verifies results",
              "fullTitle": "Job Application Test search for \"marketing\" jobs and verifies results",
              "timedOut": null,
              "duration": 8805,
              "state": "failed",
              "speed": null,
              "pass": false,
              "fail": true,
              "pending": false,
              "context": null,
              "code": "cy.get('button.css-1bhvgib', {\n  timeout: 5000\n}).should('be.visible').click();\ncy.get('input[placeholder=\"Search by job titles, companies or skills\"]', {\n  timeout: 10000\n}).should('be.visible').click().type('marketing{enter}');\ncy.wait(3000);\ncy.url().as('searchResultsUrl'); //save state of search results",
              "err": {
                "message": "AssertionError: Timed out retrying after 5000ms: Expected to find element: `button.css-1bhvgib`, but never found it.",
                "estack": "AssertionError: Timed out retrying after 5000ms: Expected to find element: `button.css-1bhvgib`, but never found it.\n    at Context.eval (webpack://staging-tests-hiredly/./cypress/e2e/login_search_filter_apply.cy.js:29:7)",
                "diff": null
              },
              "uuid": "f3f8620b-6642-46a1-af3f-788e983d01a2",
              "parentUUID": "dc55a628-957b-42f6-a25b-48de618f062b",
              "isHook": false,
              "skipped": false
            },
            {
              "title": "filter for jobs in KL",
              "fullTitle": "Job Application Test filter for jobs in KL",
              "timedOut": null,
              "duration": 4832,
              "state": "failed",
              "speed": null,
              "pass": false,
              "fail": true,
              "pending": false,
              "context": null,
              "code": "cy.visit(this.searchResultsUrl);\ncy.contains('button', 'Filter').click();\ncy.contains('button', 'State').click();\ncy.contains('button', 'Kuala Lumpur').click();\ncy.contains('button', 'Apply').click({\n  force: true\n});\ncy.wait(3000);\ncy.url().as('filterResultsUrl');",
              "err": {
                "message": "CypressError: `cy.visit()` must be called with a `url` or an `options` object containing a `url` as its 1st argument\n\nhttps://on.cypress.io/visit",
                "estack": "CypressError: `cy.visit()` must be called with a `url` or an `options` object containing a `url` as its 1st argument\n\nhttps://on.cypress.io/visit\n    at Context.visit (https://staging-my.hiredly.com/__cypress/runner/cypress_runner.js:129930:70)\n    at wrapped (https://staging-my.hiredly.com/__cypress/runner/cypress_runner.js:137575:43)\nFrom Your Spec Code:\n    at Context.eval (webpack://staging-tests-hiredly/./cypress/e2e/login_search_filter_apply.cy.js:42:7)",
                "diff": null
              },
              "uuid": "b82acd0a-ba1d-4efb-bdd3-17b28e27f769",
              "parentUUID": "dc55a628-957b-42f6-a25b-48de618f062b",
              "isHook": false,
              "skipped": false
            },
            {
              "title": "apply for job - first job listed",
              "fullTitle": "Job Application Test apply for job - first job listed",
              "timedOut": null,
              "duration": 4011,
              "state": "failed",
              "speed": null,
              "pass": false,
              "fail": true,
              "pending": false,
              "context": null,
              "code": "cy.visit(this.filterResultsUrl);\ncy.get('.css-oiffn2').first().then($jobCard => {\n  var _$jobCard$attr;\n  const jobUrl = $jobCard.prop('href') || ((_$jobCard$attr = $jobCard.attr('onclick')) === null || _$jobCard$attr === void 0 || (_$jobCard$attr = _$jobCard$attr.match(/window\\.open\\('(.*?)'/)) === null || _$jobCard$attr === void 0 ? void 0 : _$jobCard$attr[1]);\n  if (jobUrl) {\n    cy.log('Extracted Job URL:', jobUrl);\n    cy.visit(jobUrl);\n  } else {\n    cy.log('No valid job URL found, clicking instead');\n    cy.wrap($jobCard).click();\n  }\n});\ncy.get('button[aria-label=\"apply-job-button\"]').should('be.visible').click();",
              "err": {
                "message": "CypressError: `cy.visit()` must be called with a `url` or an `options` object containing a `url` as its 1st argument\n\nhttps://on.cypress.io/visit",
                "estack": "CypressError: `cy.visit()` must be called with a `url` or an `options` object containing a `url` as its 1st argument\n\nhttps://on.cypress.io/visit\n    at Context.visit (https://staging-my.hiredly.com/__cypress/runner/cypress_runner.js:129930:70)\n    at wrapped (https://staging-my.hiredly.com/__cypress/runner/cypress_runner.js:137575:43)\nFrom Your Spec Code:\n    at Context.eval (webpack://staging-tests-hiredly/./cypress/e2e/login_search_filter_apply.cy.js:53:7)",
                "diff": null
              },
              "uuid": "699fcb3a-fb02-4e02-ac47-e27c604d039d",
              "parentUUID": "dc55a628-957b-42f6-a25b-48de618f062b",
              "isHook": false,
              "skipped": false
            }
          ],
          "suites": [],
          "passes": [
            "94532402-2075-49a0-b968-5ca7f78b1d53"
          ],
          "failures": [
            "f3f8620b-6642-46a1-af3f-788e983d01a2",
            "b82acd0a-ba1d-4efb-bdd3-17b28e27f769",
            "699fcb3a-fb02-4e02-ac47-e27c604d039d"
          ],
          "pending": [],
          "skipped": [],
          "duration": 33732,
          "root": false,
          "rootEmpty": false,
          "_timeout": 2000
        }
      ],
      "passes": [],
      "failures": [],
      "pending": [],
      "skipped": [],
      "duration": 0,
      "root": true,
      "rootEmpty": true,
      "_timeout": 2000
    }
  ],
  "meta": {
    "mocha": {
      "version": "7.0.1"
    },
    "mochawesome": {
      "options": {
        "quiet": false,
        "reportFilename": "mochawesome",
        "saveHtml": false,
        "saveJson": true,
        "consoleReporter": "spec",
        "useInlineDiffs": false,
        "code": true
      },
      "version": "7.1.3"
    },
    "marge": {
      "options": {
        "reportDir": "cypress/reports",
        "overwrite": false,
        "html": false,
        "json": true
      },
      "version": "6.2.0"
    }
  }
}