{
  "stats": {
    "suites": 1,
    "tests": 1,
    "passes": 0,
    "pending": 0,
    "failures": 1,
    "start": "2025-03-26T09:35:17.931Z",
    "end": "2025-03-26T09:35:37.150Z",
    "duration": 19219,
    "testsRegistered": 1,
    "passPercent": 0,
    "pendingPercent": 0,
    "other": 0,
    "hasOther": false,
    "skipped": 0,
    "hasSkipped": false
  },
  "results": [
    {
      "uuid": "8ec2e1ac-342e-4524-be9d-f89abe28c6eb",
      "title": "",
      "fullFile": "cypress\\e2e\\login_search_apply_commandtest.cy.js",
      "file": "cypress\\e2e\\login_search_apply_commandtest.cy.js",
      "beforeHooks": [],
      "afterHooks": [],
      "tests": [],
      "suites": [
        {
          "uuid": "dabd1c80-5fd3-4757-9523-abf4451b6775",
          "title": "test run using commands",
          "fullFile": "",
          "file": "",
          "beforeHooks": [],
          "afterHooks": [],
          "tests": [
            {
              "title": "login and search testing job",
              "fullTitle": "test run using commands login and search testing job",
              "timedOut": null,
              "duration": 16855,
              "state": "failed",
              "speed": null,
              "pass": false,
              "fail": true,
              "pending": false,
              "context": null,
              "code": "cy.get('[alt=\"user-profile-image\"]', {\n  timeout: 10000\n}).should(\"be.visible\");\ncy.search('content creator');",
              "err": {
                "message": "AssertionError: Timed out retrying after 5000ms: Expected to find element: `button.css-1bhvgib`, but never found it.",
                "estack": "AssertionError: Timed out retrying after 5000ms: Expected to find element: `button.css-1bhvgib`, but never found it.\n    at Context.eval (webpack://staging-tests-hiredly/./cypress/support/commands.js:15:5)",
                "diff": null
              },
              "uuid": "80d6d9e5-afd3-4a7e-8db8-54cc7dd89db6",
              "parentUUID": "dabd1c80-5fd3-4757-9523-abf4451b6775",
              "isHook": false,
              "skipped": false
            }
          ],
          "suites": [],
          "passes": [],
          "failures": [
            "80d6d9e5-afd3-4a7e-8db8-54cc7dd89db6"
          ],
          "pending": [],
          "skipped": [],
          "duration": 16855,
          "root": false,
          "rootEmpty": false,
          "_timeout": 2000
        }
      ],
      "passes": [],
      "failures": [],
      "pending": [],
      "skipped": [],
      "duration": 0,
      "root": true,
      "rootEmpty": true,
      "_timeout": 2000
    }
  ],
  "meta": {
    "mocha": {
      "version": "7.0.1"
    },
    "mochawesome": {
      "options": {
        "quiet": false,
        "reportFilename": "mochawesome",
        "saveHtml": false,
        "saveJson": true,
        "consoleReporter": "spec",
        "useInlineDiffs": false,
        "code": true
      },
      "version": "7.1.3"
    },
    "marge": {
      "options": {
        "reportDir": "cypress/reports",
        "overwrite": false,
        "html": false,
        "json": true
      },
      "version": "6.2.0"
    }
  }
}