{
  "stats": {
    "suites": 1,
    "tests": 1,
    "passes": 0,
    "pending": 0,
    "failures": 1,
    "start": "2025-03-26T09:39:54.991Z",
    "end": "2025-03-26T09:40:19.315Z",
    "duration": 24324,
    "testsRegistered": 1,
    "passPercent": 0,
    "pendingPercent": 0,
    "other": 0,
    "hasOther": false,
    "skipped": 0,
    "hasSkipped": false
  },
  "results": [
    {
      "uuid": "8d57f0b4-5b13-48b0-b39b-6ecb77fb7ba5",
      "title": "",
      "fullFile": "cypress\\e2e\\login_search_apply_commandtest.cy.js",
      "file": "cypress\\e2e\\login_search_apply_commandtest.cy.js",
      "beforeHooks": [],
      "afterHooks": [],
      "tests": [],
      "suites": [
        {
          "uuid": "2ae95a26-b708-464d-affc-cece9ddfb092",
          "title": "test run using commands",
          "fullFile": "",
          "file": "",
          "beforeHooks": [],
          "afterHooks": [],
          "tests": [
            {
              "title": "login and search testing job",
              "fullTitle": "test run using commands login and search testing job",
              "timedOut": null,
              "duration": 21478,
              "state": "failed",
              "speed": null,
              "pass": false,
              "fail": true,
              "pending": false,
              "context": null,
              "code": "cy.get('[alt=\"user-profile-image\"]', {\n  timeout: 10000\n}).should(\"be.visible\");\ncy.search('content creator');",
              "err": {
                "message": "AssertionError: Timed out retrying after 5000ms: Expected to find element: `button.css-1bhvgib`, but never found it.",
                "estack": "AssertionError: Timed out retrying after 5000ms: Expected to find element: `button.css-1bhvgib`, but never found it.\n    at Context.eval (webpack://staging-tests-hiredly/./cypress/support/commands.js:15:5)",
                "diff": null
              },
              "uuid": "5e7ce185-bd36-4ee3-a508-9eed5a401d35",
              "parentUUID": "2ae95a26-b708-464d-affc-cece9ddfb092",
              "isHook": false,
              "skipped": false
            }
          ],
          "suites": [],
          "passes": [],
          "failures": [
            "5e7ce185-bd36-4ee3-a508-9eed5a401d35"
          ],
          "pending": [],
          "skipped": [],
          "duration": 21478,
          "root": false,
          "rootEmpty": false,
          "_timeout": 2000
        }
      ],
      "passes": [],
      "failures": [],
      "pending": [],
      "skipped": [],
      "duration": 0,
      "root": true,
      "rootEmpty": true,
      "_timeout": 2000
    }
  ],
  "meta": {
    "mocha": {
      "version": "7.0.1"
    },
    "mochawesome": {
      "options": {
        "quiet": false,
        "reportFilename": "mochawesome",
        "saveHtml": false,
        "saveJson": true,
        "consoleReporter": "spec",
        "useInlineDiffs": false,
        "code": true
      },
      "version": "7.1.3"
    },
    "marge": {
      "options": {
        "reportDir": "cypress/reports",
        "overwrite": false,
        "html": false,
        "json": true
      },
      "version": "6.2.0"
    }
  }
}