{
  "stats": {
    "suites": 1,
    "tests": 1,
    "passes": 1,
    "pending": 0,
    "failures": 0,
    "start": "2025-03-27T08:27:30.422Z",
    "end": "2025-03-27T08:27:40.413Z",
    "duration": 9991,
    "testsRegistered": 1,
    "passPercent": 100,
    "pendingPercent": 0,
    "other": 0,
    "hasOther": false,
    "skipped": 0,
    "hasSkipped": false
  },
  "results": [
    {
      "uuid": "3b8c1cc6-3ddb-43a0-8710-0864ec543d23",
      "title": "",
      "fullFile": "cypress\\e2e\\invalidlogin.cy.js",
      "file": "cypress\\e2e\\invalidlogin.cy.js",
      "beforeHooks": [],
      "afterHooks": [],
      "tests": [],
      "suites": [
        {
          "uuid": "f638dc9e-be0d-4956-9f8e-5a581dd54036",
          "title": "User Invalid Login Test",
          "fullFile": "",
          "file": "",
          "beforeHooks": [],
          "afterHooks": [],
          "tests": [
            {
              "title": "should prevent log in with invalid credentials",
              "fullTitle": "User Invalid Login Test should prevent log in with invalid credentials",
              "timedOut": null,
              "duration": 7539,
              "state": "passed",
              "speed": "medium",
              "pass": true,
              "fail": false,
              "pending": false,
              "context": null,
              "code": "cy.contains('Log In').click();\ncy.get('#filled-required-Email').type('testj@gmail.com');\ncy.get('#filled-required-Password').type('password1', {\n  log: false\n});\ncy.get('.MuiButton-containedPrimary').contains('Log In').click();\n// verify login fail by checking for error message\ncy.contains('Invalid email or password.').should('be.visible');",
              "err": {},
              "uuid": "ce4dda1b-9e38-4b68-b1f2-ce8c5a980567",
              "parentUUID": "f638dc9e-be0d-4956-9f8e-5a581dd54036",
              "isHook": false,
              "skipped": false
            }
          ],
          "suites": [],
          "passes": [
            "ce4dda1b-9e38-4b68-b1f2-ce8c5a980567"
          ],
          "failures": [],
          "pending": [],
          "skipped": [],
          "duration": 7539,
          "root": false,
          "rootEmpty": false,
          "_timeout": 2000
        }
      ],
      "passes": [],
      "failures": [],
      "pending": [],
      "skipped": [],
      "duration": 0,
      "root": true,
      "rootEmpty": true,
      "_timeout": 2000
    }
  ],
  "meta": {
    "mocha": {
      "version": "7.0.1"
    },
    "mochawesome": {
      "options": {
        "quiet": false,
        "reportFilename": "mochawesome",
        "saveHtml": false,
        "saveJson": true,
        "consoleReporter": "spec",
        "useInlineDiffs": false,
        "code": true
      },
      "version": "7.1.3"
    },
    "marge": {
      "options": {
        "reportDir": "cypress/reports",
        "overwrite": false,
        "html": false,
        "json": true
      },
      "version": "6.2.0"
    }
  }
}