{
  "stats": {
    "suites": 1,
    "tests": 1,
    "passes": 1,
    "pending": 0,
    "failures": 0,
    "start": "2025-03-26T09:36:28.059Z",
    "end": "2025-03-26T09:36:41.259Z",
    "duration": 13200,
    "testsRegistered": 1,
    "passPercent": 100,
    "pendingPercent": 0,
    "other": 0,
    "hasOther": false,
    "skipped": 0,
    "hasSkipped": false
  },
  "results": [
    {
      "uuid": "61ea0be7-836c-4e78-a316-13b2368aa4cb",
      "title": "",
      "fullFile": "cypress\\e2e\\resumeUploadHomeTest.cy.js",
      "file": "cypress\\e2e\\resumeUploadHomeTest.cy.js",
      "beforeHooks": [],
      "afterHooks": [],
      "tests": [],
      "suites": [
        {
          "uuid": "3bf3b0fd-ad3f-4b41-83d8-277ea473bd52",
          "title": "User Login Test - testj18@gmail.com",
          "fullFile": "",
          "file": "",
          "beforeHooks": [],
          "afterHooks": [],
          "tests": [
            {
              "title": "should upload resume at homepage",
              "fullTitle": "User Login Test - testj18@gmail.com should upload resume at homepage",
              "timedOut": null,
              "duration": 10942,
              "state": "passed",
              "speed": "slow",
              "pass": true,
              "fail": false,
              "pending": false,
              "context": null,
              "code": "cy.uploadResumeHP(\"jylltest\", \"uploadresume1@gmail.com\", \"password\");",
              "err": {},
              "uuid": "c6899090-9fe9-4e3f-9ab9-7bc28f15da1d",
              "parentUUID": "3bf3b0fd-ad3f-4b41-83d8-277ea473bd52",
              "isHook": false,
              "skipped": false
            }
          ],
          "suites": [],
          "passes": [
            "c6899090-9fe9-4e3f-9ab9-7bc28f15da1d"
          ],
          "failures": [],
          "pending": [],
          "skipped": [],
          "duration": 10942,
          "root": false,
          "rootEmpty": false,
          "_timeout": 2000
        }
      ],
      "passes": [],
      "failures": [],
      "pending": [],
      "skipped": [],
      "duration": 0,
      "root": true,
      "rootEmpty": true,
      "_timeout": 2000
    }
  ],
  "meta": {
    "mocha": {
      "version": "7.0.1"
    },
    "mochawesome": {
      "options": {
        "quiet": false,
        "reportFilename": "mochawesome",
        "saveHtml": false,
        "saveJson": true,
        "consoleReporter": "spec",
        "useInlineDiffs": false,
        "code": true
      },
      "version": "7.1.3"
    },
    "marge": {
      "options": {
        "reportDir": "cypress/reports",
        "overwrite": false,
        "html": false,
        "json": true
      },
      "version": "6.2.0"
    }
  }
}