{
  "stats": {
    "suites": 1,
    "tests": 1,
    "passes": 1,
    "pending": 0,
    "failures": 0,
    "start": "2025-04-02T09:54:56.372Z",
    "end": "2025-04-02T09:55:16.357Z",
    "duration": 19985,
    "testsRegistered": 1,
    "passPercent": 100,
    "pendingPercent": 0,
    "other": 0,
    "hasOther": false,
    "skipped": 0,
    "hasSkipped": false
  },
  "results": [
    {
      "uuid": "6e133e7b-900f-4c10-961e-c90cdfd802c5",
      "title": "",
      "fullFile": "cypress\\e2e\\jobapplication2_search_apply_signup.cy.js",
      "file": "cypress\\e2e\\jobapplication2_search_apply_signup.cy.js",
      "beforeHooks": [],
      "afterHooks": [],
      "tests": [],
      "suites": [
        {
          "uuid": "8bc8cbcc-bad6-4fa2-baa9-9c5184c2e2ca",
          "title": "Job Application Flow 2: Search, Apply, Signup",
          "fullFile": "",
          "file": "",
          "beforeHooks": [],
          "afterHooks": [],
          "tests": [
            {
              "title": "search job and apply as visitor",
              "fullTitle": "Job Application Flow 2: Search, Apply, Signup search job and apply as visitor",
              "timedOut": null,
              "duration": 17315,
              "state": "passed",
              "speed": "slow",
              "pass": true,
              "fail": false,
              "pending": false,
              "context": null,
              "code": "cy.search('testing');\ncy.applyJob();",
              "err": {},
              "uuid": "994a8674-5be1-4468-9513-1b4f2af2bd21",
              "parentUUID": "8bc8cbcc-bad6-4fa2-baa9-9c5184c2e2ca",
              "isHook": false,
              "skipped": false
            }
          ],
          "suites": [],
          "passes": [
            "994a8674-5be1-4468-9513-1b4f2af2bd21"
          ],
          "failures": [],
          "pending": [],
          "skipped": [],
          "duration": 17315,
          "root": false,
          "rootEmpty": false,
          "_timeout": 2000
        }
      ],
      "passes": [],
      "failures": [],
      "pending": [],
      "skipped": [],
      "duration": 0,
      "root": true,
      "rootEmpty": true,
      "_timeout": 2000
    }
  ],
  "meta": {
    "mocha": {
      "version": "7.0.1"
    },
    "mochawesome": {
      "options": {
        "quiet": false,
        "reportFilename": "mochawesome",
        "saveHtml": false,
        "saveJson": true,
        "consoleReporter": "spec",
        "useInlineDiffs": false,
        "code": true
      },
      "version": "7.1.3"
    },
    "marge": {
      "options": {
        "reportDir": "cypress/reports",
        "overwrite": false,
        "html": false,
        "json": true
      },
      "version": "6.2.0"
    }
  }
}