{
  "stats": {
    "suites": 1,
    "tests": 1,
    "passes": 1,
    "pending": 0,
    "failures": 0,
    "start": "2025-04-03T06:20:27.119Z",
    "end": "2025-04-03T06:20:39.028Z",
    "duration": 11909,
    "testsRegistered": 1,
    "passPercent": 100,
    "pendingPercent": 0,
    "other": 0,
    "hasOther": false,
    "skipped": 0,
    "hasSkipped": false
  },
  "results": [
    {
      "uuid": "52a33b50-a8a2-401d-bbc1-8bc8570a190e",
      "title": "",
      "fullFile": "cypress\\e2e\\resumeUploadHomeTest.cy.js",
      "file": "cypress\\e2e\\resumeUploadHomeTest.cy.js",
      "beforeHooks": [],
      "afterHooks": [],
      "tests": [],
      "suites": [
        {
          "uuid": "213d3e1c-0cac-4fa3-8275-83253aca229c",
          "title": "Upload Resume at Homepage",
          "fullFile": "",
          "file": "",
          "beforeHooks": [],
          "afterHooks": [],
          "tests": [
            {
              "title": "should upload resume at homepage",
              "fullTitle": "Upload Resume at Homepage should upload resume at homepage",
              "timedOut": null,
              "duration": 9829,
              "state": "passed",
              "speed": "medium",
              "pass": true,
              "fail": false,
              "pending": false,
              "context": null,
              "code": "cy.uploadResumeHP(\"jylltest\", \"uploadresume1@gmail.com\", \"password\");",
              "err": {},
              "uuid": "8a0415b3-2b38-439d-b7e7-a1e031b09296",
              "parentUUID": "213d3e1c-0cac-4fa3-8275-83253aca229c",
              "isHook": false,
              "skipped": false
            }
          ],
          "suites": [],
          "passes": [
            "8a0415b3-2b38-439d-b7e7-a1e031b09296"
          ],
          "failures": [],
          "pending": [],
          "skipped": [],
          "duration": 9829,
          "root": false,
          "rootEmpty": false,
          "_timeout": 2000
        }
      ],
      "passes": [],
      "failures": [],
      "pending": [],
      "skipped": [],
      "duration": 0,
      "root": true,
      "rootEmpty": true,
      "_timeout": 2000
    }
  ],
  "meta": {
    "mocha": {
      "version": "7.0.1"
    },
    "mochawesome": {
      "options": {
        "quiet": false,
        "reportFilename": "mochawesome",
        "saveHtml": false,
        "saveJson": true,
        "consoleReporter": "spec",
        "useInlineDiffs": false,
        "code": true
      },
      "version": "7.1.3"
    },
    "marge": {
      "options": {
        "reportDir": "cypress/reports",
        "overwrite": true,
        "html": false,
        "json": true
      },
      "version": "6.2.0"
    }
  }
}